<?xml version="1.0" encoding="utf-8"?><testsuites name="pytest tests"><testsuite name="pytest" errors="0" failures="0" skipped="0" tests="19" time="2.880" timestamp="2026-04-26T19:05:03.158724+00:00" hostname="agent-env-7d1633db-1f0b-4617-a001-9044ee3f0008"><testcase classname="backend.tests.test_billsplitter_api.TestHealth" name="test_health_ok" time="0.483" /><testcase classname="backend.tests.test_billsplitter_api.TestLogin" name="test_login_success_returns_jwt" time="0.271" /><testcase classname="backend.tests.test_billsplitter_api.TestLogin" name="test_login_jwt_uses_hs256_and_contains_claims" time="0.264" /><testcase classname="backend.tests.test_billsplitter_api.TestLogin" name="test_login_username_is_case_insensitive" time="0.266" /><testcase classname="backend.tests.test_billsplitter_api.TestLogin" name="test_login_wrong_password_returns_401" time="0.265" /><testcase classname="backend.tests.test_billsplitter_api.TestLogin" name="test_login_unknown_user_returns_401" time="0.043" /><testcase classname="backend.tests.test_billsplitter_api.TestLogin" name="test_login_missing_password_returns_422" time="0.042" /><testcase classname="backend.tests.test_billsplitter_api.TestLogin" name="test_login_missing_username_returns_422" time="0.042" /><testcase classname="backend.tests.test_billsplitter_api.TestLogin" name="test_login_empty_strings_returns_422" time="0.042" /><testcase classname="backend.tests.test_billsplitter_api.TestCalculateAuth" name="test_calculate_without_auth_returns_401" time="0.044" /><testcase classname="backend.tests.test_billsplitter_api.TestCalculateAuth" name="test_calculate_invalid_bearer_token_returns_401" time="0.042" /><testcase classname="backend.tests.test_billsplitter_api.TestCalculateLogic" name="test_calculate_alice_bob_classic" time="0.308" /><testcase classname="backend.tests.test_billsplitter_api.TestCalculateLogic" name="test_calculate_rejects_roommate_days_exceeding_total" time="0.042" /><testcase classname="backend.tests.test_billsplitter_api.TestCalculateLogic" name="test_calculate_rejects_zero_total_days_present" time="0.042" /><testcase classname="backend.tests.test_billsplitter_api.TestCalculateLogic" name="test_calculate_total_bill_must_be_positive" time="0.085" /><testcase classname="backend.tests.test_billsplitter_api.TestCalculateLogic" name="test_calculate_total_days_must_be_1_to_31" time="0.084" /><testcase classname="backend.tests.test_billsplitter_api.TestCalculateLogic" name="test_calculate_empty_roommates_returns_422" time="0.043" /><testcase classname="backend.tests.test_billsplitter_api.TestSeed" name="test_admin_seeded_via_login" time="0.266" /><testcase classname="backend.tests.test_billsplitter_api.TestSeed" name="test_admin_password_is_bcrypt_in_db" time="0.019" /></testsuite></testsuites>